2023-08-31 10:30:22.797  INFO 9372 --- [main] oyeeRestApiConsumerWebProjectApplication : Starting EmployeeRestApiConsumerWebProjectApplication using Java 1.8.0_171 on SujataLp01 with PID 9372 (D:\itron2023\workspace\SpringMVC\EmployeeRestApiConsumerWebProjectPart3\target\classes started by Sujata in D:\itron2023\workspace\SpringMVC\EmployeeRestApiConsumerWebProjectPart3)
2023-08-31 10:30:22.803  INFO 9372 --- [main] oyeeRestApiConsumerWebProjectApplication : No active profile set, falling back to 1 default profile: "default"
2023-08-31 10:30:23.780  INFO 9372 --- [main] .s.d.r.c.RepositoryConfigurationDelegate : Bootstrapping Spring Data JPA repositories in DEFAULT mode.
2023-08-31 10:30:23.877  INFO 9372 --- [main] .s.d.r.c.RepositoryConfigurationDelegate : Finished Spring Data repository scanning in 80 ms. Found 1 JPA repository interfaces.
2023-08-31 10:30:25.017  INFO 9372 --- [main] o.s.b.w.embedded.tomcat.TomcatWebServer  : Tomcat initialized with port(s): 8084 (http)
2023-08-31 10:30:25.032  INFO 9372 --- [main] o.apache.catalina.core.StandardService   : Starting service [Tomcat]
2023-08-31 10:30:25.033  INFO 9372 --- [main] org.apache.catalina.core.StandardEngine  : Starting Servlet engine: [Apache Tomcat/9.0.79]
2023-08-31 10:30:25.653  INFO 9372 --- [main] org.apache.jasper.servlet.TldScanner     : At least one JAR was scanned for TLDs yet contained no TLDs. Enable debug logging for this logger for a complete list of JARs that were scanned but no TLDs were found in them. Skipping unneeded JARs during scanning can improve startup time and JSP compilation time.
2023-08-31 10:30:25.665  INFO 9372 --- [main] o.a.c.c.C.[Tomcat].[localhost].[/]       : Initializing Spring embedded WebApplicationContext
2023-08-31 10:30:25.666  INFO 9372 --- [main] w.s.c.ServletWebServerApplicationContext : Root WebApplicationContext: initialization completed in 2757 ms
2023-08-31 10:30:25.951  INFO 9372 --- [main] o.hibernate.jpa.internal.util.LogHelper  : HHH000204: Processing PersistenceUnitInfo [name: default]
2023-08-31 10:30:26.034  INFO 9372 --- [main] org.hibernate.Version                    : HHH000412: Hibernate ORM core version 5.6.15.Final
2023-08-31 10:30:26.351  INFO 9372 --- [main] o.hibernate.annotations.common.Version   : HCANN000001: Hibernate Commons Annotations {5.1.2.Final}
2023-08-31 10:30:26.465  INFO 9372 --- [main] com.zaxxer.hikari.HikariDataSource       : HikariPool-1 - Starting...
2023-08-31 10:30:27.111  INFO 9372 --- [main] com.zaxxer.hikari.HikariDataSource       : HikariPool-1 - Start completed.
2023-08-31 10:30:27.128  INFO 9372 --- [main] org.hibernate.dialect.Dialect            : HHH000400: Using dialect: org.hibernate.dialect.MySQL8Dialect
2023-08-31 10:30:27.853  INFO 9372 --- [main] o.h.e.t.j.p.i.JtaPlatformInitiator       : HHH000490: Using JtaPlatform implementation: [org.hibernate.engine.transaction.jta.platform.internal.NoJtaPlatform]
2023-08-31 10:30:27.869  INFO 9372 --- [main] j.LocalContainerEntityManagerFactoryBean : Initialized JPA EntityManagerFactory for persistence unit 'default'
2023-08-31 10:30:28.337  WARN 9372 --- [main] JpaBaseConfiguration$JpaWebConfiguration : spring.jpa.open-in-view is enabled by default. Therefore, database queries may be performed during view rendering. Explicitly configure spring.jpa.open-in-view to disable this warning
2023-08-31 10:30:28.708  INFO 9372 --- [main] o.s.b.w.embedded.tomcat.TomcatWebServer  : Tomcat started on port(s): 8084 (http) with context path ''
2023-08-31 10:30:28.723  INFO 9372 --- [main] oyeeRestApiConsumerWebProjectApplication : Started EmployeeRestApiConsumerWebProjectApplication in 6.704 seconds (JVM running for 8.141)
2023-08-31 10:30:36.469  INFO 9372 --- [http-nio-8084-exec-2] o.a.c.c.C.[Tomcat].[localhost].[/]       : Initializing Spring DispatcherServlet 'dispatcherServlet'
2023-08-31 10:30:36.469  INFO 9372 --- [http-nio-8084-exec-2] o.s.web.servlet.DispatcherServlet        : Initializing Servlet 'dispatcherServlet'
2023-08-31 10:30:36.470  INFO 9372 --- [http-nio-8084-exec-2] o.s.web.servlet.DispatcherServlet        : Completed initialization in 1 ms
2023-08-31 10:30:36.501  INFO 9372 --- [http-nio-8084-exec-2] com.sujata.controller.UserController     : Showing Login Page for login by the user
2023-08-31 10:31:25.013 ERROR 9372 --- [http-nio-8084-exec-1] com.sujata.controller.UserController     : Login failed
2023-08-31 10:31:38.664  INFO 9372 --- [http-nio-8084-exec-3] com.sujata.controller.UserController     : Login sucessful and showing menu page
2023-08-31 10:33:19.702  INFO 9372 --- [SpringApplicationShutdownHook] j.LocalContainerEntityManagerFactoryBean : Closing JPA EntityManagerFactory for persistence unit 'default'
2023-08-31 10:33:19.709  INFO 9372 --- [SpringApplicationShutdownHook] com.zaxxer.hikari.HikariDataSource       : HikariPool-1 - Shutdown initiated...
2023-08-31 10:33:19.729  INFO 9372 --- [SpringApplicationShutdownHook] com.zaxxer.hikari.HikariDataSource       : HikariPool-1 - Shutdown completed.
