2023-09-06 15:35:17.768  INFO 13104 --- [main] c.s.d.SpringmvcwiththymleeafApplication  : Starting SpringmvcwiththymleeafApplication using Java 1.8.0_171 on SujataLp01 with PID 13104 (D:\itron2023\workspace\SpringMVC\springmvcwiththymleeaf\target\classes started by Sujata in D:\itron2023\workspace\SpringMVC\springmvcwiththymleeaf)
2023-09-06 15:35:17.774  INFO 13104 --- [main] c.s.d.SpringmvcwiththymleeafApplication  : No active profile set, falling back to 1 default profile: "default"
2023-09-06 15:35:18.862  INFO 13104 --- [main] .s.d.r.c.RepositoryConfigurationDelegate : Bootstrapping Spring Data JPA repositories in DEFAULT mode.
2023-09-06 15:35:18.999  INFO 13104 --- [main] .s.d.r.c.RepositoryConfigurationDelegate : Finished Spring Data repository scanning in 112 ms. Found 1 JPA repository interfaces.
2023-09-06 15:35:20.059  INFO 13104 --- [main] o.hibernate.jpa.internal.util.LogHelper  : HHH000204: Processing PersistenceUnitInfo [name: default]
2023-09-06 15:35:20.172  INFO 13104 --- [main] org.hibernate.Version                    : HHH000412: Hibernate ORM core version 5.6.15.Final
2023-09-06 15:35:20.519  INFO 13104 --- [main] o.hibernate.annotations.common.Version   : HCANN000001: Hibernate Commons Annotations {5.1.2.Final}
2023-09-06 15:35:20.970  INFO 13104 --- [main] com.zaxxer.hikari.HikariDataSource       : HikariPool-1 - Starting...
2023-09-06 15:35:21.771  INFO 13104 --- [main] com.zaxxer.hikari.HikariDataSource       : HikariPool-1 - Start completed.
2023-09-06 15:35:21.803  INFO 13104 --- [main] org.hibernate.dialect.Dialect            : HHH000400: Using dialect: org.hibernate.dialect.MySQL8Dialect
2023-09-06 15:35:22.819  INFO 13104 --- [main] o.h.e.t.j.p.i.JtaPlatformInitiator       : HHH000490: Using JtaPlatform implementation: [org.hibernate.engine.transaction.jta.platform.internal.NoJtaPlatform]
2023-09-06 15:35:22.837  INFO 13104 --- [main] j.LocalContainerEntityManagerFactoryBean : Initialized JPA EntityManagerFactory for persistence unit 'default'
2023-09-06 15:35:23.917  INFO 13104 --- [main] c.s.d.SpringmvcwiththymleeafApplication  : Started SpringmvcwiththymleeafApplication in 7.053 seconds (JVM running for 8.483)
2023-09-06 15:35:23.930  INFO 13104 --- [SpringApplicationShutdownHook] j.LocalContainerEntityManagerFactoryBean : Closing JPA EntityManagerFactory for persistence unit 'default'
2023-09-06 15:35:23.936  INFO 13104 --- [SpringApplicationShutdownHook] com.zaxxer.hikari.HikariDataSource       : HikariPool-1 - Shutdown initiated...
2023-09-06 15:35:23.968  INFO 13104 --- [SpringApplicationShutdownHook] com.zaxxer.hikari.HikariDataSource       : HikariPool-1 - Shutdown completed.
2023-09-06 15:36:42.397  INFO 27568 --- [main] c.s.d.SpringmvcwiththymleeafApplication  : Starting SpringmvcwiththymleeafApplication using Java 1.8.0_171 on SujataLp01 with PID 27568 (D:\itron2023\workspace\SpringMVC\springmvcwiththymleeaf\target\classes started by Sujata in D:\itron2023\workspace\SpringMVC\springmvcwiththymleeaf)
2023-09-06 15:36:42.403  INFO 27568 --- [main] c.s.d.SpringmvcwiththymleeafApplication  : No active profile set, falling back to 1 default profile: "default"
2023-09-06 15:36:43.608  INFO 27568 --- [main] .s.d.r.c.RepositoryConfigurationDelegate : Bootstrapping Spring Data JPA repositories in DEFAULT mode.
2023-09-06 15:36:43.754  INFO 27568 --- [main] .s.d.r.c.RepositoryConfigurationDelegate : Finished Spring Data repository scanning in 120 ms. Found 1 JPA repository interfaces.
2023-09-06 15:36:45.074  INFO 27568 --- [main] o.hibernate.jpa.internal.util.LogHelper  : HHH000204: Processing PersistenceUnitInfo [name: default]
2023-09-06 15:36:45.201  INFO 27568 --- [main] org.hibernate.Version                    : HHH000412: Hibernate ORM core version 5.6.15.Final
2023-09-06 15:36:45.603  INFO 27568 --- [main] o.hibernate.annotations.common.Version   : HCANN000001: Hibernate Commons Annotations {5.1.2.Final}
2023-09-06 15:36:46.214  INFO 27568 --- [main] com.zaxxer.hikari.HikariDataSource       : HikariPool-1 - Starting...
2023-09-06 15:36:47.183  INFO 27568 --- [main] com.zaxxer.hikari.HikariDataSource       : HikariPool-1 - Start completed.
2023-09-06 15:36:47.207  INFO 27568 --- [main] org.hibernate.dialect.Dialect            : HHH000400: Using dialect: org.hibernate.dialect.MySQL8Dialect
2023-09-06 15:36:48.203  INFO 27568 --- [main] o.h.e.t.j.p.i.JtaPlatformInitiator       : HHH000490: Using JtaPlatform implementation: [org.hibernate.engine.transaction.jta.platform.internal.NoJtaPlatform]
2023-09-06 15:36:48.219  INFO 27568 --- [main] j.LocalContainerEntityManagerFactoryBean : Initialized JPA EntityManagerFactory for persistence unit 'default'
2023-09-06 15:36:49.462  INFO 27568 --- [main] c.s.d.SpringmvcwiththymleeafApplication  : Started SpringmvcwiththymleeafApplication in 8.056 seconds (JVM running for 9.06)
2023-09-06 15:36:49.479  INFO 27568 --- [SpringApplicationShutdownHook] j.LocalContainerEntityManagerFactoryBean : Closing JPA EntityManagerFactory for persistence unit 'default'
2023-09-06 15:36:49.485  INFO 27568 --- [SpringApplicationShutdownHook] com.zaxxer.hikari.HikariDataSource       : HikariPool-1 - Shutdown initiated...
2023-09-06 15:36:49.511  INFO 27568 --- [SpringApplicationShutdownHook] com.zaxxer.hikari.HikariDataSource       : HikariPool-1 - Shutdown completed.
2023-09-06 15:43:29.338  INFO 20628 --- [main] c.s.d.SpringmvcwiththymleeafApplication  : Starting SpringmvcwiththymleeafApplication using Java 1.8.0_171 on SujataLp01 with PID 20628 (D:\itron2023\workspace\SpringMVC\springmvcwiththymleeaf\target\classes started by Sujata in D:\itron2023\workspace\SpringMVC\springmvcwiththymleeaf)
2023-09-06 15:43:29.346  INFO 20628 --- [main] c.s.d.SpringmvcwiththymleeafApplication  : No active profile set, falling back to 1 default profile: "default"
2023-09-06 15:43:30.535  INFO 20628 --- [main] .s.d.r.c.RepositoryConfigurationDelegate : Bootstrapping Spring Data JPA repositories in DEFAULT mode.
2023-09-06 15:43:30.663  INFO 20628 --- [main] .s.d.r.c.RepositoryConfigurationDelegate : Finished Spring Data repository scanning in 104 ms. Found 1 JPA repository interfaces.
2023-09-06 15:43:32.005  INFO 20628 --- [main] o.hibernate.jpa.internal.util.LogHelper  : HHH000204: Processing PersistenceUnitInfo [name: default]
2023-09-06 15:43:32.116  INFO 20628 --- [main] org.hibernate.Version                    : HHH000412: Hibernate ORM core version 5.6.15.Final
2023-09-06 15:43:32.528  INFO 20628 --- [main] o.hibernate.annotations.common.Version   : HCANN000001: Hibernate Commons Annotations {5.1.2.Final}
2023-09-06 15:43:33.057  INFO 20628 --- [main] com.zaxxer.hikari.HikariDataSource       : HikariPool-1 - Starting...
2023-09-06 15:43:33.944  INFO 20628 --- [main] com.zaxxer.hikari.HikariDataSource       : HikariPool-1 - Start completed.
2023-09-06 15:43:33.972  INFO 20628 --- [main] org.hibernate.dialect.Dialect            : HHH000400: Using dialect: org.hibernate.dialect.MySQL8Dialect
2023-09-06 15:43:34.976  INFO 20628 --- [main] o.h.e.t.j.p.i.JtaPlatformInitiator       : HHH000490: Using JtaPlatform implementation: [org.hibernate.engine.transaction.jta.platform.internal.NoJtaPlatform]
2023-09-06 15:43:34.991  INFO 20628 --- [main] j.LocalContainerEntityManagerFactoryBean : Initialized JPA EntityManagerFactory for persistence unit 'default'
2023-09-06 15:43:36.057  INFO 20628 --- [main] c.s.d.SpringmvcwiththymleeafApplication  : Started SpringmvcwiththymleeafApplication in 7.698 seconds (JVM running for 8.846)
2023-09-06 15:43:36.071  INFO 20628 --- [SpringApplicationShutdownHook] j.LocalContainerEntityManagerFactoryBean : Closing JPA EntityManagerFactory for persistence unit 'default'
2023-09-06 15:43:36.077  INFO 20628 --- [SpringApplicationShutdownHook] com.zaxxer.hikari.HikariDataSource       : HikariPool-1 - Shutdown initiated...
2023-09-06 15:43:36.098  INFO 20628 --- [SpringApplicationShutdownHook] com.zaxxer.hikari.HikariDataSource       : HikariPool-1 - Shutdown completed.
