2023-09-01 17:28:28.491  INFO 10284 --- [main] oyeeRestApiConsumerWebProjectApplication : Starting EmployeeRestApiConsumerWebProjectApplication using Java 1.8.0_171 on SujataLp01 with PID 10284 (D:\itron2023\workspace\SpringMVC\EmployeeRestApiConsumerWebProjectPart3\target\classes started by Sujata in D:\itron2023\workspace\SpringMVC\EmployeeRestApiConsumerWebProjectPart3)
2023-09-01 17:28:28.514  INFO 10284 --- [main] oyeeRestApiConsumerWebProjectApplication : No active profile set, falling back to 1 default profile: "default"
2023-09-01 17:28:30.280  INFO 10284 --- [main] .s.d.r.c.RepositoryConfigurationDelegate : Bootstrapping Spring Data JPA repositories in DEFAULT mode.
2023-09-01 17:28:30.440  INFO 10284 --- [main] .s.d.r.c.RepositoryConfigurationDelegate : Finished Spring Data repository scanning in 125 ms. Found 1 JPA repository interfaces.
2023-09-01 17:28:32.779  INFO 10284 --- [main] o.s.b.w.embedded.tomcat.TomcatWebServer  : Tomcat initialized with port(s): 8084 (http)
2023-09-01 17:28:32.806  INFO 10284 --- [main] o.apache.catalina.core.StandardService   : Starting service [Tomcat]
2023-09-01 17:28:32.807  INFO 10284 --- [main] org.apache.catalina.core.StandardEngine  : Starting Servlet engine: [Apache Tomcat/9.0.79]
2023-09-01 17:28:34.412  INFO 10284 --- [main] org.apache.jasper.servlet.TldScanner     : At least one JAR was scanned for TLDs yet contained no TLDs. Enable debug logging for this logger for a complete list of JARs that were scanned but no TLDs were found in them. Skipping unneeded JARs during scanning can improve startup time and JSP compilation time.
2023-09-01 17:28:34.431  INFO 10284 --- [main] o.a.c.c.C.[Tomcat].[localhost].[/]       : Initializing Spring embedded WebApplicationContext
2023-09-01 17:28:34.433  INFO 10284 --- [main] w.s.c.ServletWebServerApplicationContext : Root WebApplicationContext: initialization completed in 5677 ms
2023-09-01 17:28:34.938  INFO 10284 --- [main] o.hibernate.jpa.internal.util.LogHelper  : HHH000204: Processing PersistenceUnitInfo [name: default]
2023-09-01 17:28:35.098  INFO 10284 --- [main] org.hibernate.Version                    : HHH000412: Hibernate ORM core version 5.6.15.Final
2023-09-01 17:28:35.654  INFO 10284 --- [main] o.hibernate.annotations.common.Version   : HCANN000001: Hibernate Commons Annotations {5.1.2.Final}
2023-09-01 17:28:35.982  INFO 10284 --- [main] com.zaxxer.hikari.HikariDataSource       : HikariPool-1 - Starting...
2023-09-01 17:28:37.146  INFO 10284 --- [main] com.zaxxer.hikari.HikariDataSource       : HikariPool-1 - Start completed.
2023-09-01 17:28:37.188  INFO 10284 --- [main] org.hibernate.dialect.Dialect            : HHH000400: Using dialect: org.hibernate.dialect.MySQL8Dialect
2023-09-01 17:28:38.864  INFO 10284 --- [main] o.h.e.t.j.p.i.JtaPlatformInitiator       : HHH000490: Using JtaPlatform implementation: [org.hibernate.engine.transaction.jta.platform.internal.NoJtaPlatform]
2023-09-01 17:28:38.888  INFO 10284 --- [main] j.LocalContainerEntityManagerFactoryBean : Initialized JPA EntityManagerFactory for persistence unit 'default'
2023-09-01 17:28:39.716  WARN 10284 --- [main] JpaBaseConfiguration$JpaWebConfiguration : spring.jpa.open-in-view is enabled by default. Therefore, database queries may be performed during view rendering. Explicitly configure spring.jpa.open-in-view to disable this warning
2023-09-01 17:28:40.450  INFO 10284 --- [main] o.s.b.w.embedded.tomcat.TomcatWebServer  : Tomcat started on port(s): 8084 (http) with context path ''
2023-09-01 17:28:40.471  INFO 10284 --- [main] oyeeRestApiConsumerWebProjectApplication : Started EmployeeRestApiConsumerWebProjectApplication in 13.385 seconds (JVM running for 15.904)
2023-09-01 17:29:34.881  INFO 10284 --- [http-nio-8084-exec-1] o.a.c.c.C.[Tomcat].[localhost].[/]       : Initializing Spring DispatcherServlet 'dispatcherServlet'
2023-09-01 17:29:34.882  INFO 10284 --- [http-nio-8084-exec-1] o.s.web.servlet.DispatcherServlet        : Initializing Servlet 'dispatcherServlet'
2023-09-01 17:29:34.887  INFO 10284 --- [http-nio-8084-exec-1] o.s.web.servlet.DispatcherServlet        : Completed initialization in 4 ms
2023-09-01 17:29:35.050  INFO 10284 --- [http-nio-8084-exec-1] com.sujata.controller.UserController     : Showing Login Page for login by the user
2023-09-01 17:31:58.161  INFO 10284 --- [SpringApplicationShutdownHook] j.LocalContainerEntityManagerFactoryBean : Closing JPA EntityManagerFactory for persistence unit 'default'
2023-09-01 17:31:58.166  INFO 10284 --- [SpringApplicationShutdownHook] com.zaxxer.hikari.HikariDataSource       : HikariPool-1 - Shutdown initiated...
2023-09-01 17:31:58.175  INFO 10284 --- [SpringApplicationShutdownHook] com.zaxxer.hikari.HikariDataSource       : HikariPool-1 - Shutdown completed.
2023-09-01 17:32:17.421  INFO 11248 --- [main] oyeeRestApiConsumerWebProjectApplication : Starting EmployeeRestApiConsumerWebProjectApplication using Java 1.8.0_171 on SujataLp01 with PID 11248 (D:\itron2023\workspace\SpringMVC\EmployeeRestApiConsumerWebProjectPart3\target\classes started by Sujata in D:\itron2023\workspace\SpringMVC\EmployeeRestApiConsumerWebProjectPart3)
2023-09-01 17:32:17.427  INFO 11248 --- [main] oyeeRestApiConsumerWebProjectApplication : No active profile set, falling back to 1 default profile: "default"
2023-09-01 17:32:18.460  INFO 11248 --- [main] .s.d.r.c.RepositoryConfigurationDelegate : Bootstrapping Spring Data JPA repositories in DEFAULT mode.
2023-09-01 17:32:18.646  INFO 11248 --- [main] .s.d.r.c.RepositoryConfigurationDelegate : Finished Spring Data repository scanning in 89 ms. Found 1 JPA repository interfaces.
2023-09-01 17:32:20.167  INFO 11248 --- [main] o.s.b.w.embedded.tomcat.TomcatWebServer  : Tomcat initialized with port(s): 8084 (http)
2023-09-01 17:32:20.181  INFO 11248 --- [main] o.apache.catalina.core.StandardService   : Starting service [Tomcat]
2023-09-01 17:32:20.182  INFO 11248 --- [main] org.apache.catalina.core.StandardEngine  : Starting Servlet engine: [Apache Tomcat/9.0.79]
2023-09-01 17:32:20.704  INFO 11248 --- [main] org.apache.jasper.servlet.TldScanner     : At least one JAR was scanned for TLDs yet contained no TLDs. Enable debug logging for this logger for a complete list of JARs that were scanned but no TLDs were found in them. Skipping unneeded JARs during scanning can improve startup time and JSP compilation time.
2023-09-01 17:32:20.713  INFO 11248 --- [main] o.a.c.c.C.[Tomcat].[localhost].[/]       : Initializing Spring embedded WebApplicationContext
2023-09-01 17:32:20.713  INFO 11248 --- [main] w.s.c.ServletWebServerApplicationContext : Root WebApplicationContext: initialization completed in 3180 ms
2023-09-01 17:32:20.960  INFO 11248 --- [main] o.hibernate.jpa.internal.util.LogHelper  : HHH000204: Processing PersistenceUnitInfo [name: default]
2023-09-01 17:32:21.037  INFO 11248 --- [main] org.hibernate.Version                    : HHH000412: Hibernate ORM core version 5.6.15.Final
2023-09-01 17:32:21.332  INFO 11248 --- [main] o.hibernate.annotations.common.Version   : HCANN000001: Hibernate Commons Annotations {5.1.2.Final}
2023-09-01 17:32:21.454  INFO 11248 --- [main] com.zaxxer.hikari.HikariDataSource       : HikariPool-1 - Starting...
2023-09-01 17:32:22.103  INFO 11248 --- [main] com.zaxxer.hikari.HikariDataSource       : HikariPool-1 - Start completed.
2023-09-01 17:32:22.127  INFO 11248 --- [main] org.hibernate.dialect.Dialect            : HHH000400: Using dialect: org.hibernate.dialect.MySQL8Dialect
2023-09-01 17:32:22.969  INFO 11248 --- [main] o.h.e.t.j.p.i.JtaPlatformInitiator       : HHH000490: Using JtaPlatform implementation: [org.hibernate.engine.transaction.jta.platform.internal.NoJtaPlatform]
2023-09-01 17:32:22.982  INFO 11248 --- [main] j.LocalContainerEntityManagerFactoryBean : Initialized JPA EntityManagerFactory for persistence unit 'default'
2023-09-01 17:32:23.441  WARN 11248 --- [main] JpaBaseConfiguration$JpaWebConfiguration : spring.jpa.open-in-view is enabled by default. Therefore, database queries may be performed during view rendering. Explicitly configure spring.jpa.open-in-view to disable this warning
2023-09-01 17:32:23.806  INFO 11248 --- [main] o.s.b.w.embedded.tomcat.TomcatWebServer  : Tomcat started on port(s): 8084 (http) with context path ''
2023-09-01 17:32:23.819  INFO 11248 --- [main] oyeeRestApiConsumerWebProjectApplication : Started EmployeeRestApiConsumerWebProjectApplication in 7.298 seconds (JVM running for 9.349)
2023-09-01 17:32:55.686  INFO 11248 --- [SpringApplicationShutdownHook] j.LocalContainerEntityManagerFactoryBean : Closing JPA EntityManagerFactory for persistence unit 'default'
2023-09-01 17:32:55.689  INFO 11248 --- [SpringApplicationShutdownHook] com.zaxxer.hikari.HikariDataSource       : HikariPool-1 - Shutdown initiated...
2023-09-01 17:32:55.701  INFO 11248 --- [SpringApplicationShutdownHook] com.zaxxer.hikari.HikariDataSource       : HikariPool-1 - Shutdown completed.
2023-09-01 17:33:22.917  INFO 16584 --- [main] oyeeRestApiConsumerWebProjectApplication : Starting EmployeeRestApiConsumerWebProjectApplication using Java 1.8.0_171 on SujataLp01 with PID 16584 (D:\itron2023\workspace\SpringMVC\EmployeeRestApiConsumerWebProjectPart3\target\classes started by Sujata in D:\itron2023\workspace\SpringMVC\EmployeeRestApiConsumerWebProjectPart3)
2023-09-01 17:33:22.922  INFO 16584 --- [main] oyeeRestApiConsumerWebProjectApplication : No active profile set, falling back to 1 default profile: "default"
2023-09-01 17:33:23.833  INFO 16584 --- [main] .s.d.r.c.RepositoryConfigurationDelegate : Bootstrapping Spring Data JPA repositories in DEFAULT mode.
2023-09-01 17:33:24.016  INFO 16584 --- [main] .s.d.r.c.RepositoryConfigurationDelegate : Finished Spring Data repository scanning in 89 ms. Found 1 JPA repository interfaces.
2023-09-01 17:33:25.244  INFO 16584 --- [main] o.s.b.w.embedded.tomcat.TomcatWebServer  : Tomcat initialized with port(s): 8084 (http)
2023-09-01 17:33:25.256  INFO 16584 --- [main] o.apache.catalina.core.StandardService   : Starting service [Tomcat]
2023-09-01 17:33:25.256  INFO 16584 --- [main] org.apache.catalina.core.StandardEngine  : Starting Servlet engine: [Apache Tomcat/9.0.79]
2023-09-01 17:33:25.772  INFO 16584 --- [main] org.apache.jasper.servlet.TldScanner     : At least one JAR was scanned for TLDs yet contained no TLDs. Enable debug logging for this logger for a complete list of JARs that were scanned but no TLDs were found in them. Skipping unneeded JARs during scanning can improve startup time and JSP compilation time.
2023-09-01 17:33:25.782  INFO 16584 --- [main] o.a.c.c.C.[Tomcat].[localhost].[/]       : Initializing Spring embedded WebApplicationContext
2023-09-01 17:33:25.782  INFO 16584 --- [main] w.s.c.ServletWebServerApplicationContext : Root WebApplicationContext: initialization completed in 2756 ms
2023-09-01 17:33:26.014  INFO 16584 --- [main] o.hibernate.jpa.internal.util.LogHelper  : HHH000204: Processing PersistenceUnitInfo [name: default]
2023-09-01 17:33:26.093  INFO 16584 --- [main] org.hibernate.Version                    : HHH000412: Hibernate ORM core version 5.6.15.Final
2023-09-01 17:33:26.443  INFO 16584 --- [main] o.hibernate.annotations.common.Version   : HCANN000001: Hibernate Commons Annotations {5.1.2.Final}
2023-09-01 17:33:26.579  INFO 16584 --- [main] com.zaxxer.hikari.HikariDataSource       : HikariPool-1 - Starting...
2023-09-01 17:33:27.245  INFO 16584 --- [main] com.zaxxer.hikari.HikariDataSource       : HikariPool-1 - Start completed.
2023-09-01 17:33:27.263  INFO 16584 --- [main] org.hibernate.dialect.Dialect            : HHH000400: Using dialect: org.hibernate.dialect.MySQL8Dialect
2023-09-01 17:33:27.982  INFO 16584 --- [main] o.h.e.t.j.p.i.JtaPlatformInitiator       : HHH000490: Using JtaPlatform implementation: [org.hibernate.engine.transaction.jta.platform.internal.NoJtaPlatform]
2023-09-01 17:33:27.996  INFO 16584 --- [main] j.LocalContainerEntityManagerFactoryBean : Initialized JPA EntityManagerFactory for persistence unit 'default'
2023-09-01 17:33:28.446  WARN 16584 --- [main] JpaBaseConfiguration$JpaWebConfiguration : spring.jpa.open-in-view is enabled by default. Therefore, database queries may be performed during view rendering. Explicitly configure spring.jpa.open-in-view to disable this warning
2023-09-01 17:33:28.836  INFO 16584 --- [main] o.s.b.w.embedded.tomcat.TomcatWebServer  : Tomcat started on port(s): 8084 (http) with context path ''
2023-09-01 17:33:28.850  INFO 16584 --- [main] oyeeRestApiConsumerWebProjectApplication : Started EmployeeRestApiConsumerWebProjectApplication in 6.666 seconds (JVM running for 7.982)
2023-09-01 17:33:34.725  INFO 16584 --- [http-nio-8084-exec-1] o.a.c.c.C.[Tomcat].[localhost].[/]       : Initializing Spring DispatcherServlet 'dispatcherServlet'
2023-09-01 17:33:34.726  INFO 16584 --- [http-nio-8084-exec-1] o.s.web.servlet.DispatcherServlet        : Initializing Servlet 'dispatcherServlet'
2023-09-01 17:33:34.727  INFO 16584 --- [http-nio-8084-exec-1] o.s.web.servlet.DispatcherServlet        : Completed initialization in 1 ms
2023-09-01 17:33:34.749  INFO 16584 --- [http-nio-8084-exec-1] com.sujata.controller.UserController     : Showing Login Page for login by the user
2023-09-01 17:34:07.204  INFO 16584 --- [SpringApplicationShutdownHook] j.LocalContainerEntityManagerFactoryBean : Closing JPA EntityManagerFactory for persistence unit 'default'
2023-09-01 17:34:07.207  INFO 16584 --- [SpringApplicationShutdownHook] com.zaxxer.hikari.HikariDataSource       : HikariPool-1 - Shutdown initiated...
2023-09-01 17:34:07.215  INFO 16584 --- [SpringApplicationShutdownHook] com.zaxxer.hikari.HikariDataSource       : HikariPool-1 - Shutdown completed.
2023-09-01 17:36:17.871  INFO 9204 --- [main] oyeeRestApiConsumerWebProjectApplication : Starting EmployeeRestApiConsumerWebProjectApplication using Java 1.8.0_171 on SujataLp01 with PID 9204 (D:\itron2023\workspace\SpringMVC\EmployeeRestApiConsumerWebProjectPart3\target\classes started by Sujata in D:\itron2023\workspace\SpringMVC\EmployeeRestApiConsumerWebProjectPart3)
2023-09-01 17:36:17.878  INFO 9204 --- [main] oyeeRestApiConsumerWebProjectApplication : No active profile set, falling back to 1 default profile: "default"
2023-09-01 17:36:18.731  INFO 9204 --- [main] .s.d.r.c.RepositoryConfigurationDelegate : Bootstrapping Spring Data JPA repositories in DEFAULT mode.
2023-09-01 17:36:18.885  INFO 9204 --- [main] .s.d.r.c.RepositoryConfigurationDelegate : Finished Spring Data repository scanning in 75 ms. Found 1 JPA repository interfaces.
2023-09-01 17:36:19.889  INFO 9204 --- [main] o.s.b.w.embedded.tomcat.TomcatWebServer  : Tomcat initialized with port(s): 8084 (http)
2023-09-01 17:36:19.901  INFO 9204 --- [main] o.apache.catalina.core.StandardService   : Starting service [Tomcat]
2023-09-01 17:36:19.902  INFO 9204 --- [main] org.apache.catalina.core.StandardEngine  : Starting Servlet engine: [Apache Tomcat/9.0.79]
2023-09-01 17:36:20.414  INFO 9204 --- [main] org.apache.jasper.servlet.TldScanner     : At least one JAR was scanned for TLDs yet contained no TLDs. Enable debug logging for this logger for a complete list of JARs that were scanned but no TLDs were found in them. Skipping unneeded JARs during scanning can improve startup time and JSP compilation time.
2023-09-01 17:36:20.434  INFO 9204 --- [main] o.a.c.c.C.[Tomcat].[localhost].[/]       : Initializing Spring embedded WebApplicationContext
2023-09-01 17:36:20.434  INFO 9204 --- [main] w.s.c.ServletWebServerApplicationContext : Root WebApplicationContext: initialization completed in 2438 ms
2023-09-01 17:36:20.641  INFO 9204 --- [main] o.hibernate.jpa.internal.util.LogHelper  : HHH000204: Processing PersistenceUnitInfo [name: default]
2023-09-01 17:36:20.699  INFO 9204 --- [main] org.hibernate.Version                    : HHH000412: Hibernate ORM core version 5.6.15.Final
2023-09-01 17:36:20.915  INFO 9204 --- [main] o.hibernate.annotations.common.Version   : HCANN000001: Hibernate Commons Annotations {5.1.2.Final}
2023-09-01 17:36:21.026  INFO 9204 --- [main] com.zaxxer.hikari.HikariDataSource       : HikariPool-1 - Starting...
2023-09-01 17:36:21.526  INFO 9204 --- [main] com.zaxxer.hikari.HikariDataSource       : HikariPool-1 - Start completed.
2023-09-01 17:36:21.544  INFO 9204 --- [main] org.hibernate.dialect.Dialect            : HHH000400: Using dialect: org.hibernate.dialect.MySQL8Dialect
2023-09-01 17:36:22.235  INFO 9204 --- [main] o.h.e.t.j.p.i.JtaPlatformInitiator       : HHH000490: Using JtaPlatform implementation: [org.hibernate.engine.transaction.jta.platform.internal.NoJtaPlatform]
2023-09-01 17:36:22.246  INFO 9204 --- [main] j.LocalContainerEntityManagerFactoryBean : Initialized JPA EntityManagerFactory for persistence unit 'default'
2023-09-01 17:36:22.652  WARN 9204 --- [main] JpaBaseConfiguration$JpaWebConfiguration : spring.jpa.open-in-view is enabled by default. Therefore, database queries may be performed during view rendering. Explicitly configure spring.jpa.open-in-view to disable this warning
2023-09-01 17:36:23.009  INFO 9204 --- [main] o.s.b.w.embedded.tomcat.TomcatWebServer  : Tomcat started on port(s): 8084 (http) with context path ''
2023-09-01 17:36:23.023  INFO 9204 --- [main] oyeeRestApiConsumerWebProjectApplication : Started EmployeeRestApiConsumerWebProjectApplication in 5.912 seconds (JVM running for 7.172)
2023-09-01 17:36:31.812  INFO 9204 --- [http-nio-8084-exec-1] o.a.c.c.C.[Tomcat].[localhost].[/]       : Initializing Spring DispatcherServlet 'dispatcherServlet'
2023-09-01 17:36:31.812  INFO 9204 --- [http-nio-8084-exec-1] o.s.web.servlet.DispatcherServlet        : Initializing Servlet 'dispatcherServlet'
2023-09-01 17:36:31.815  INFO 9204 --- [http-nio-8084-exec-1] o.s.web.servlet.DispatcherServlet        : Completed initialization in 3 ms
2023-09-01 17:36:31.847  INFO 9204 --- [http-nio-8084-exec-1] com.sujata.controller.UserController     : Showing Login Page for login by the user
